# 🎯 Log de Decisões de Prioridade - Sistema Zoe

## Formato do Log
```
[YYYY-MM-DD HH:MM:SS] PRIORITY DECISION
Triggers: [lista de todos detectados]
Executed: [nome] (level X) - [motivo]
Skipped: [outros triggers ignorados]
Context: [entrada do usuário]
Category: [categoria do comando executado]
---
```

## Histórico de Decisões

[2025-06-08 15:45] PRIORITY DECISION
Triggers: [priority-system-creation, moderate-formatting]
Executed: edit-file (level 0) - Sistema implementation
Skipped: [moderate-formatting (level 99)] - Will execute post-execution  
Context: User requested priority system implementation
Category: system
---

[2025-06-08 16:20] PRIORITY DECISION
Triggers: [priority-logger-creation, auto-documentation, moderate-formatting]
Executed: priority-logger-creation (level 0) - System logging implementation
Skipped: [auto-documentation (level 50), moderate-formatting (level 99)] - Post-execution
Context: User requested "Pode manter sim esse log, por favor"
Category: system
--- 